<?xml version="1.0" encoding="UTF-8"?>
<testsuite name="com.example.sbb.SbbApplicationTests" tests="1" skipped="0" failures="0" errors="0" timestamp="2023-11-22T11:24:46" hostname="suhyunui-MacBookAir.local" time="1.241">
  <properties/>
  <testcase name="testJpa5()" classname="com.example.sbb.SbbApplicationTests" time="1.241"/>
  <system-out><![CDATA[20:24:42.784 [Test worker] DEBUG org.springframework.test.context.BootstrapUtils - Instantiating CacheAwareContextLoaderDelegate from class [org.springframework.test.context.cache.DefaultCacheAwareContextLoaderDelegate]
20:24:42.792 [Test worker] DEBUG org.springframework.test.context.BootstrapUtils - Instantiating BootstrapContext using constructor [public org.springframework.test.context.support.DefaultBootstrapContext(java.lang.Class,org.springframework.test.context.CacheAwareContextLoaderDelegate)]
20:24:42.812 [Test worker] DEBUG org.springframework.test.context.BootstrapUtils - Instantiating TestContextBootstrapper for test class [com.example.sbb.SbbApplicationTests] from class [org.springframework.boot.test.context.SpringBootTestContextBootstrapper]
20:24:42.819 [Test worker] INFO org.springframework.boot.test.context.SpringBootTestContextBootstrapper - Neither @ContextConfiguration nor @ContextHierarchy found for test class [com.example.sbb.SbbApplicationTests], using SpringBootContextLoader
20:24:42.822 [Test worker] DEBUG org.springframework.test.context.support.AbstractContextLoader - Did not detect default resource location for test class [com.example.sbb.SbbApplicationTests]: class path resource [com/example/sbb/SbbApplicationTests-context.xml] does not exist
20:24:42.822 [Test worker] DEBUG org.springframework.test.context.support.AbstractContextLoader - Did not detect default resource location for test class [com.example.sbb.SbbApplicationTests]: class path resource [com/example/sbb/SbbApplicationTestsContext.groovy] does not exist
20:24:42.822 [Test worker] INFO org.springframework.test.context.support.AbstractContextLoader - Could not detect default resource locations for test class [com.example.sbb.SbbApplicationTests]: no resource found for suffixes {-context.xml, Context.groovy}.
20:24:42.823 [Test worker] INFO org.springframework.test.context.support.AnnotationConfigContextLoaderUtils - Could not detect default configuration classes for test class [com.example.sbb.SbbApplicationTests]: SbbApplicationTests does not declare any static, non-private, non-final, nested classes annotated with @Configuration.
20:24:42.847 [Test worker] DEBUG org.springframework.test.context.support.ActiveProfilesUtils - Could not find an 'annotation declaring class' for annotation type [org.springframework.test.context.ActiveProfiles] and class [com.example.sbb.SbbApplicationTests]
20:24:42.884 [Test worker] DEBUG org.springframework.context.annotation.ClassPathScanningCandidateComponentProvider - Identified candidate component class: file [/Users/suhyunchoi/Desktop/code/SpringBoot/board/build/classes/java/main/com/example/sbb/SbbApplication.class]
20:24:42.885 [Test worker] INFO org.springframework.boot.test.context.SpringBootTestContextBootstrapper - Found @SpringBootConfiguration com.example.sbb.SbbApplication for test class com.example.sbb.SbbApplicationTests
20:24:42.953 [Test worker] DEBUG org.springframework.boot.test.context.SpringBootTestContextBootstrapper - @TestExecutionListeners is not present for class [com.example.sbb.SbbApplicationTests]: using defaults.
20:24:42.953 [Test worker] INFO org.springframework.boot.test.context.SpringBootTestContextBootstrapper - Loaded default TestExecutionListener class names from location [META-INF/spring.factories]: [org.springframework.boot.test.autoconfigure.restdocs.RestDocsTestExecutionListener, org.springframework.boot.test.autoconfigure.web.client.MockRestServiceServerResetTestExecutionListener, org.springframework.boot.test.autoconfigure.web.servlet.MockMvcPrintOnlyOnFailureTestExecutionListener, org.springframework.boot.test.autoconfigure.web.servlet.WebDriverTestExecutionListener, org.springframework.boot.test.autoconfigure.webservices.client.MockWebServiceServerTestExecutionListener, org.springframework.boot.test.mock.mockito.MockitoTestExecutionListener, org.springframework.boot.test.mock.mockito.ResetMocksTestExecutionListener, org.springframework.test.context.web.ServletTestExecutionListener, org.springframework.test.context.support.DirtiesContextBeforeModesTestExecutionListener, org.springframework.test.context.event.ApplicationEventsTestExecutionListener, org.springframework.test.context.support.DependencyInjectionTestExecutionListener, org.springframework.test.context.support.DirtiesContextTestExecutionListener, org.springframework.test.context.transaction.TransactionalTestExecutionListener, org.springframework.test.context.jdbc.SqlScriptsTestExecutionListener, org.springframework.test.context.event.EventPublishingTestExecutionListener]
20:24:42.968 [Test worker] INFO org.springframework.boot.test.context.SpringBootTestContextBootstrapper - Using TestExecutionListeners: [org.springframework.test.context.web.ServletTestExecutionListener@1a38ba58, org.springframework.test.context.support.DirtiesContextBeforeModesTestExecutionListener@3ad394e6, org.springframework.test.context.event.ApplicationEventsTestExecutionListener@6058e535, org.springframework.boot.test.mock.mockito.MockitoTestExecutionListener@42deb43a, org.springframework.boot.test.autoconfigure.SpringBootDependencyInjectionTestExecutionListener@1deb2c43, org.springframework.test.context.support.DirtiesContextTestExecutionListener@3bb9efbc, org.springframework.test.context.transaction.TransactionalTestExecutionListener@1cefc4b3, org.springframework.test.context.jdbc.SqlScriptsTestExecutionListener@2b27cc70, org.springframework.test.context.event.EventPublishingTestExecutionListener@6f6a7463, org.springframework.boot.test.autoconfigure.restdocs.RestDocsTestExecutionListener@1bdaa23d, org.springframework.boot.test.autoconfigure.web.client.MockRestServiceServerResetTestExecutionListener@79f227a9, org.springframework.boot.test.autoconfigure.web.servlet.MockMvcPrintOnlyOnFailureTestExecutionListener@6ca320ab, org.springframework.boot.test.autoconfigure.web.servlet.WebDriverTestExecutionListener@50d68830, org.springframework.boot.test.autoconfigure.webservices.client.MockWebServiceServerTestExecutionListener@1e53135d, org.springframework.boot.test.mock.mockito.ResetMocksTestExecutionListener@7674a051]
20:24:42.971 [Test worker] DEBUG org.springframework.test.context.support.AbstractDirtiesContextTestExecutionListener - Before test class: context [DefaultTestContext@7dd712e8 testClass = SbbApplicationTests, testInstance = [null], testMethod = [null], testException = [null], mergedContextConfiguration = [WebMergedContextConfiguration@2c282004 testClass = SbbApplicationTests, locations = '{}', classes = '{class com.example.sbb.SbbApplication}', contextInitializerClasses = '[]', activeProfiles = '{}', propertySourceLocations = '{}', propertySourceProperties = '{org.springframework.boot.test.context.SpringBootTestContextBootstrapper=true}', contextCustomizers = set[org.springframework.boot.test.autoconfigure.actuate.metrics.MetricsExportContextCustomizerFactory$DisableMetricExportContextCustomizer@60d1a32f, org.springframework.boot.test.autoconfigure.properties.PropertyMappingContextCustomizer@0, org.springframework.boot.test.autoconfigure.web.servlet.WebDriverContextCustomizerFactory$Customizer@4678a2eb, org.springframework.boot.test.context.filter.ExcludeFilterContextCustomizer@1fdfafd2, org.springframework.boot.test.json.DuplicateJsonObjectContextCustomizerFactory$DuplicateJsonObjectContextCustomizer@5c87bfe2, org.springframework.boot.test.mock.mockito.MockitoContextCustomizer@0, org.springframework.boot.test.web.client.TestRestTemplateContextCustomizer@efde75f, org.springframework.boot.test.context.SpringBootTestArgs@1, org.springframework.boot.test.context.SpringBootTestWebEnvironment@16c069df], resourceBasePath = 'src/main/webapp', contextLoader = 'org.springframework.boot.test.context.SpringBootContextLoader', parent = [null]], attributes = map['org.springframework.test.context.web.ServletTestExecutionListener.activateListener' -> true]], class annotated with @DirtiesContext [false] with mode [null].

  .   ____          _            __ _ _
 /\\ / ___'_ __ _ _(_)_ __  __ _ \ \ \ \
( ( )\___ | '_ | '_| | '_ \/ _` | \ \ \ \
 \\/  ___)| |_)| | | | | || (_| |  ) ) ) )
  '  |____| .__|_| |_|_| |_\__, | / / / /
 =========|_|==============|___/=/_/_/_/
 :: Spring Boot ::               (v2.7.17)

2023-11-22 20:24:43.211  INFO 25837 --- [    Test worker] com.example.sbb.SbbApplicationTests      : Starting SbbApplicationTests using Java 11.0.19 on suhyunui-MacBookAir.local with PID 25837 (started by suhyunchoi in /Users/suhyunchoi/Desktop/code/SpringBoot/board)
2023-11-22 20:24:43.212  INFO 25837 --- [    Test worker] com.example.sbb.SbbApplicationTests      : No active profile set, falling back to 1 default profile: "default"
2023-11-22 20:24:43.807  INFO 25837 --- [    Test worker] .s.d.r.c.RepositoryConfigurationDelegate : Bootstrapping Spring Data JPA repositories in DEFAULT mode.
2023-11-22 20:24:43.851  INFO 25837 --- [    Test worker] .s.d.r.c.RepositoryConfigurationDelegate : Finished Spring Data repository scanning in 34 ms. Found 2 JPA repository interfaces.
2023-11-22 20:24:44.168  INFO 25837 --- [    Test worker] o.hibernate.jpa.internal.util.LogHelper  : HHH000204: Processing PersistenceUnitInfo [name: default]
2023-11-22 20:24:44.201  INFO 25837 --- [    Test worker] org.hibernate.Version                    : HHH000412: Hibernate ORM core version 5.6.15.Final
2023-11-22 20:24:44.505  INFO 25837 --- [    Test worker] o.hibernate.annotations.common.Version   : HCANN000001: Hibernate Commons Annotations {5.1.2.Final}
2023-11-22 20:24:44.570  INFO 25837 --- [    Test worker] com.zaxxer.hikari.HikariDataSource       : HikariPool-1 - Starting...
2023-11-22 20:24:44.904  INFO 25837 --- [    Test worker] com.zaxxer.hikari.HikariDataSource       : HikariPool-1 - Start completed.
2023-11-22 20:24:44.932  INFO 25837 --- [    Test worker] org.hibernate.dialect.Dialect            : HHH000400: Using dialect: org.hibernate.dialect.MySQL5InnoDBDialect
2023-11-22 20:24:45.470  INFO 25837 --- [    Test worker] o.h.e.t.j.p.i.JtaPlatformInitiator       : HHH000490: Using JtaPlatform implementation: [org.hibernate.engine.transaction.jta.platform.internal.NoJtaPlatform]
2023-11-22 20:24:45.477  INFO 25837 --- [    Test worker] j.LocalContainerEntityManagerFactoryBean : Initialized JPA EntityManagerFactory for persistence unit 'default'
2023-11-22 20:24:45.878  WARN 25837 --- [    Test worker] JpaBaseConfiguration$JpaWebConfiguration : spring.jpa.open-in-view is enabled by default. Therefore, database queries may be performed during view rendering. Explicitly configure spring.jpa.open-in-view to disable this warning
2023-11-22 20:24:46.325  INFO 25837 --- [    Test worker] com.example.sbb.SbbApplicationTests      : Started SbbApplicationTests in 3.322 seconds (JVM running for 4.483)
Hibernate: 
    insert 
    into
        question
        (content, create_date, modify_date, subject) 
    values
        (?, ?, ?, ?)
Hibernate: 
    insert 
    into
        question
        (content, create_date, modify_date, subject) 
    values
        (?, ?, ?, ?)
Hibernate: 
    insert 
    into
        question
        (content, create_date, modify_date, subject) 
    values
        (?, ?, ?, ?)
Hibernate: 
    insert 
    into
        question
        (content, create_date, modify_date, subject) 
    values
        (?, ?, ?, ?)
Hibernate: 
    insert 
    into
        question
        (content, create_date, modify_date, subject) 
    values
        (?, ?, ?, ?)
Hibernate: 
    insert 
    into
        question
        (content, create_date, modify_date, subject) 
    values
        (?, ?, ?, ?)
Hibernate: 
    insert 
    into
        question
        (content, create_date, modify_date, subject) 
    values
        (?, ?, ?, ?)
Hibernate: 
    insert 
    into
        question
        (content, create_date, modify_date, subject) 
    values
        (?, ?, ?, ?)
Hibernate: 
    insert 
    into
        question
        (content, create_date, modify_date, subject) 
    values
        (?, ?, ?, ?)
Hibernate: 
    insert 
    into
        question
        (content, create_date, modify_date, subject) 
    values
        (?, ?, ?, ?)
Hibernate: 
    insert 
    into
        question
        (content, create_date, modify_date, subject) 
    values
        (?, ?, ?, ?)
Hibernate: 
    insert 
    into
        question
        (content, create_date, modify_date, subject) 
    values
        (?, ?, ?, ?)
Hibernate: 
    insert 
    into
        question
        (content, create_date, modify_date, subject) 
    values
        (?, ?, ?, ?)
Hibernate: 
    insert 
    into
        question
        (content, create_date, modify_date, subject) 
    values
        (?, ?, ?, ?)
Hibernate: 
    insert 
    into
        question
        (content, create_date, modify_date, subject) 
    values
        (?, ?, ?, ?)
Hibernate: 
    insert 
    into
        question
        (content, create_date, modify_date, subject) 
    values
        (?, ?, ?, ?)
Hibernate: 
    insert 
    into
        question
        (content, create_date, modify_date, subject) 
    values
        (?, ?, ?, ?)
Hibernate: 
    insert 
    into
        question
        (content, create_date, modify_date, subject) 
    values
        (?, ?, ?, ?)
Hibernate: 
    insert 
    into
        question
        (content, create_date, modify_date, subject) 
    values
        (?, ?, ?, ?)
Hibernate: 
    insert 
    into
        question
        (content, create_date, modify_date, subject) 
    values
        (?, ?, ?, ?)
Hibernate: 
    insert 
    into
        question
        (content, create_date, modify_date, subject) 
    values
        (?, ?, ?, ?)
Hibernate: 
    insert 
    into
        question
        (content, create_date, modify_date, subject) 
    values
        (?, ?, ?, ?)
Hibernate: 
    insert 
    into
        question
        (content, create_date, modify_date, subject) 
    values
        (?, ?, ?, ?)
Hibernate: 
    insert 
    into
        question
        (content, create_date, modify_date, subject) 
    values
        (?, ?, ?, ?)
Hibernate: 
    insert 
    into
        question
        (content, create_date, modify_date, subject) 
    values
        (?, ?, ?, ?)
Hibernate: 
    insert 
    into
        question
        (content, create_date, modify_date, subject) 
    values
        (?, ?, ?, ?)
Hibernate: 
    insert 
    into
        question
        (content, create_date, modify_date, subject) 
    values
        (?, ?, ?, ?)
Hibernate: 
    insert 
    into
        question
        (content, create_date, modify_date, subject) 
    values
        (?, ?, ?, ?)
Hibernate: 
    insert 
    into
        question
        (content, create_date, modify_date, subject) 
    values
        (?, ?, ?, ?)
Hibernate: 
    insert 
    into
        question
        (content, create_date, modify_date, subject) 
    values
        (?, ?, ?, ?)
Hibernate: 
    insert 
    into
        question
        (content, create_date, modify_date, subject) 
    values
        (?, ?, ?, ?)
Hibernate: 
    insert 
    into
        question
        (content, create_date, modify_date, subject) 
    values
        (?, ?, ?, ?)
Hibernate: 
    insert 
    into
        question
        (content, create_date, modify_date, subject) 
    values
        (?, ?, ?, ?)
Hibernate: 
    insert 
    into
        question
        (content, create_date, modify_date, subject) 
    values
        (?, ?, ?, ?)
Hibernate: 
    insert 
    into
        question
        (content, create_date, modify_date, subject) 
    values
        (?, ?, ?, ?)
Hibernate: 
    insert 
    into
        question
        (content, create_date, modify_date, subject) 
    values
        (?, ?, ?, ?)
Hibernate: 
    insert 
    into
        question
        (content, create_date, modify_date, subject) 
    values
        (?, ?, ?, ?)
Hibernate: 
    insert 
    into
        question
        (content, create_date, modify_date, subject) 
    values
        (?, ?, ?, ?)
Hibernate: 
    insert 
    into
        question
        (content, create_date, modify_date, subject) 
    values
        (?, ?, ?, ?)
Hibernate: 
    insert 
    into
        question
        (content, create_date, modify_date, subject) 
    values
        (?, ?, ?, ?)
Hibernate: 
    insert 
    into
        question
        (content, create_date, modify_date, subject) 
    values
        (?, ?, ?, ?)
Hibernate: 
    insert 
    into
        question
        (content, create_date, modify_date, subject) 
    values
        (?, ?, ?, ?)
Hibernate: 
    insert 
    into
        question
        (content, create_date, modify_date, subject) 
    values
        (?, ?, ?, ?)
Hibernate: 
    insert 
    into
        question
        (content, create_date, modify_date, subject) 
    values
        (?, ?, ?, ?)
Hibernate: 
    insert 
    into
        question
        (content, create_date, modify_date, subject) 
    values
        (?, ?, ?, ?)
Hibernate: 
    insert 
    into
        question
        (content, create_date, modify_date, subject) 
    values
        (?, ?, ?, ?)
Hibernate: 
    insert 
    into
        question
        (content, create_date, modify_date, subject) 
    values
        (?, ?, ?, ?)
Hibernate: 
    insert 
    into
        question
        (content, create_date, modify_date, subject) 
    values
        (?, ?, ?, ?)
Hibernate: 
    insert 
    into
        question
        (content, create_date, modify_date, subject) 
    values
        (?, ?, ?, ?)
Hibernate: 
    insert 
    into
        question
        (content, create_date, modify_date, subject) 
    values
        (?, ?, ?, ?)
Hibernate: 
    insert 
    into
        question
        (content, create_date, modify_date, subject) 
    values
        (?, ?, ?, ?)
Hibernate: 
    insert 
    into
        question
        (content, create_date, modify_date, subject) 
    values
        (?, ?, ?, ?)
Hibernate: 
    insert 
    into
        question
        (content, create_date, modify_date, subject) 
    values
        (?, ?, ?, ?)
Hibernate: 
    insert 
    into
        question
        (content, create_date, modify_date, subject) 
    values
        (?, ?, ?, ?)
Hibernate: 
    insert 
    into
        question
        (content, create_date, modify_date, subject) 
    values
        (?, ?, ?, ?)
Hibernate: 
    insert 
    into
        question
        (content, create_date, modify_date, subject) 
    values
        (?, ?, ?, ?)
Hibernate: 
    insert 
    into
        question
        (content, create_date, modify_date, subject) 
    values
        (?, ?, ?, ?)
Hibernate: 
    insert 
    into
        question
        (content, create_date, modify_date, subject) 
    values
        (?, ?, ?, ?)
Hibernate: 
    insert 
    into
        question
        (content, create_date, modify_date, subject) 
    values
        (?, ?, ?, ?)
Hibernate: 
    insert 
    into
        question
        (content, create_date, modify_date, subject) 
    values
        (?, ?, ?, ?)
Hibernate: 
    insert 
    into
        question
        (content, create_date, modify_date, subject) 
    values
        (?, ?, ?, ?)
Hibernate: 
    insert 
    into
        question
        (content, create_date, modify_date, subject) 
    values
        (?, ?, ?, ?)
Hibernate: 
    insert 
    into
        question
        (content, create_date, modify_date, subject) 
    values
        (?, ?, ?, ?)
Hibernate: 
    insert 
    into
        question
        (content, create_date, modify_date, subject) 
    values
        (?, ?, ?, ?)
Hibernate: 
    insert 
    into
        question
        (content, create_date, modify_date, subject) 
    values
        (?, ?, ?, ?)
Hibernate: 
    insert 
    into
        question
        (content, create_date, modify_date, subject) 
    values
        (?, ?, ?, ?)
Hibernate: 
    insert 
    into
        question
        (content, create_date, modify_date, subject) 
    values
        (?, ?, ?, ?)
Hibernate: 
    insert 
    into
        question
        (content, create_date, modify_date, subject) 
    values
        (?, ?, ?, ?)
Hibernate: 
    insert 
    into
        question
        (content, create_date, modify_date, subject) 
    values
        (?, ?, ?, ?)
Hibernate: 
    insert 
    into
        question
        (content, create_date, modify_date, subject) 
    values
        (?, ?, ?, ?)
Hibernate: 
    insert 
    into
        question
        (content, create_date, modify_date, subject) 
    values
        (?, ?, ?, ?)
Hibernate: 
    insert 
    into
        question
        (content, create_date, modify_date, subject) 
    values
        (?, ?, ?, ?)
Hibernate: 
    insert 
    into
        question
        (content, create_date, modify_date, subject) 
    values
        (?, ?, ?, ?)
Hibernate: 
    insert 
    into
        question
        (content, create_date, modify_date, subject) 
    values
        (?, ?, ?, ?)
Hibernate: 
    insert 
    into
        question
        (content, create_date, modify_date, subject) 
    values
        (?, ?, ?, ?)
Hibernate: 
    insert 
    into
        question
        (content, create_date, modify_date, subject) 
    values
        (?, ?, ?, ?)
Hibernate: 
    insert 
    into
        question
        (content, create_date, modify_date, subject) 
    values
        (?, ?, ?, ?)
Hibernate: 
    insert 
    into
        question
        (content, create_date, modify_date, subject) 
    values
        (?, ?, ?, ?)
Hibernate: 
    insert 
    into
        question
        (content, create_date, modify_date, subject) 
    values
        (?, ?, ?, ?)
Hibernate: 
    insert 
    into
        question
        (content, create_date, modify_date, subject) 
    values
        (?, ?, ?, ?)
Hibernate: 
    insert 
    into
        question
        (content, create_date, modify_date, subject) 
    values
        (?, ?, ?, ?)
Hibernate: 
    insert 
    into
        question
        (content, create_date, modify_date, subject) 
    values
        (?, ?, ?, ?)
Hibernate: 
    insert 
    into
        question
        (content, create_date, modify_date, subject) 
    values
        (?, ?, ?, ?)
Hibernate: 
    insert 
    into
        question
        (content, create_date, modify_date, subject) 
    values
        (?, ?, ?, ?)
Hibernate: 
    insert 
    into
        question
        (content, create_date, modify_date, subject) 
    values
        (?, ?, ?, ?)
Hibernate: 
    insert 
    into
        question
        (content, create_date, modify_date, subject) 
    values
        (?, ?, ?, ?)
Hibernate: 
    insert 
    into
        question
        (content, create_date, modify_date, subject) 
    values
        (?, ?, ?, ?)
Hibernate: 
    insert 
    into
        question
        (content, create_date, modify_date, subject) 
    values
        (?, ?, ?, ?)
Hibernate: 
    insert 
    into
        question
        (content, create_date, modify_date, subject) 
    values
        (?, ?, ?, ?)
Hibernate: 
    insert 
    into
        question
        (content, create_date, modify_date, subject) 
    values
        (?, ?, ?, ?)
Hibernate: 
    insert 
    into
        question
        (content, create_date, modify_date, subject) 
    values
        (?, ?, ?, ?)
Hibernate: 
    insert 
    into
        question
        (content, create_date, modify_date, subject) 
    values
        (?, ?, ?, ?)
Hibernate: 
    insert 
    into
        question
        (content, create_date, modify_date, subject) 
    values
        (?, ?, ?, ?)
Hibernate: 
    insert 
    into
        question
        (content, create_date, modify_date, subject) 
    values
        (?, ?, ?, ?)
Hibernate: 
    insert 
    into
        question
        (content, create_date, modify_date, subject) 
    values
        (?, ?, ?, ?)
Hibernate: 
    insert 
    into
        question
        (content, create_date, modify_date, subject) 
    values
        (?, ?, ?, ?)
Hibernate: 
    insert 
    into
        question
        (content, create_date, modify_date, subject) 
    values
        (?, ?, ?, ?)
Hibernate: 
    insert 
    into
        question
        (content, create_date, modify_date, subject) 
    values
        (?, ?, ?, ?)
Hibernate: 
    insert 
    into
        question
        (content, create_date, modify_date, subject) 
    values
        (?, ?, ?, ?)
Hibernate: 
    insert 
    into
        question
        (content, create_date, modify_date, subject) 
    values
        (?, ?, ?, ?)
Hibernate: 
    insert 
    into
        question
        (content, create_date, modify_date, subject) 
    values
        (?, ?, ?, ?)
Hibernate: 
    insert 
    into
        question
        (content, create_date, modify_date, subject) 
    values
        (?, ?, ?, ?)
Hibernate: 
    insert 
    into
        question
        (content, create_date, modify_date, subject) 
    values
        (?, ?, ?, ?)
Hibernate: 
    insert 
    into
        question
        (content, create_date, modify_date, subject) 
    values
        (?, ?, ?, ?)
Hibernate: 
    insert 
    into
        question
        (content, create_date, modify_date, subject) 
    values
        (?, ?, ?, ?)
Hibernate: 
    insert 
    into
        question
        (content, create_date, modify_date, subject) 
    values
        (?, ?, ?, ?)
Hibernate: 
    insert 
    into
        question
        (content, create_date, modify_date, subject) 
    values
        (?, ?, ?, ?)
Hibernate: 
    insert 
    into
        question
        (content, create_date, modify_date, subject) 
    values
        (?, ?, ?, ?)
Hibernate: 
    insert 
    into
        question
        (content, create_date, modify_date, subject) 
    values
        (?, ?, ?, ?)
Hibernate: 
    insert 
    into
        question
        (content, create_date, modify_date, subject) 
    values
        (?, ?, ?, ?)
Hibernate: 
    insert 
    into
        question
        (content, create_date, modify_date, subject) 
    values
        (?, ?, ?, ?)
Hibernate: 
    insert 
    into
        question
        (content, create_date, modify_date, subject) 
    values
        (?, ?, ?, ?)
Hibernate: 
    insert 
    into
        question
        (content, create_date, modify_date, subject) 
    values
        (?, ?, ?, ?)
Hibernate: 
    insert 
    into
        question
        (content, create_date, modify_date, subject) 
    values
        (?, ?, ?, ?)
Hibernate: 
    insert 
    into
        question
        (content, create_date, modify_date, subject) 
    values
        (?, ?, ?, ?)
Hibernate: 
    insert 
    into
        question
        (content, create_date, modify_date, subject) 
    values
        (?, ?, ?, ?)
Hibernate: 
    insert 
    into
        question
        (content, create_date, modify_date, subject) 
    values
        (?, ?, ?, ?)
Hibernate: 
    insert 
    into
        question
        (content, create_date, modify_date, subject) 
    values
        (?, ?, ?, ?)
Hibernate: 
    insert 
    into
        question
        (content, create_date, modify_date, subject) 
    values
        (?, ?, ?, ?)
Hibernate: 
    insert 
    into
        question
        (content, create_date, modify_date, subject) 
    values
        (?, ?, ?, ?)
Hibernate: 
    insert 
    into
        question
        (content, create_date, modify_date, subject) 
    values
        (?, ?, ?, ?)
Hibernate: 
    insert 
    into
        question
        (content, create_date, modify_date, subject) 
    values
        (?, ?, ?, ?)
Hibernate: 
    insert 
    into
        question
        (content, create_date, modify_date, subject) 
    values
        (?, ?, ?, ?)
Hibernate: 
    insert 
    into
        question
        (content, create_date, modify_date, subject) 
    values
        (?, ?, ?, ?)
Hibernate: 
    insert 
    into
        question
        (content, create_date, modify_date, subject) 
    values
        (?, ?, ?, ?)
Hibernate: 
    insert 
    into
        question
        (content, create_date, modify_date, subject) 
    values
        (?, ?, ?, ?)
Hibernate: 
    insert 
    into
        question
        (content, create_date, modify_date, subject) 
    values
        (?, ?, ?, ?)
Hibernate: 
    insert 
    into
        question
        (content, create_date, modify_date, subject) 
    values
        (?, ?, ?, ?)
Hibernate: 
    insert 
    into
        question
        (content, create_date, modify_date, subject) 
    values
        (?, ?, ?, ?)
Hibernate: 
    insert 
    into
        question
        (content, create_date, modify_date, subject) 
    values
        (?, ?, ?, ?)
Hibernate: 
    insert 
    into
        question
        (content, create_date, modify_date, subject) 
    values
        (?, ?, ?, ?)
Hibernate: 
    insert 
    into
        question
        (content, create_date, modify_date, subject) 
    values
        (?, ?, ?, ?)
Hibernate: 
    insert 
    into
        question
        (content, create_date, modify_date, subject) 
    values
        (?, ?, ?, ?)
Hibernate: 
    insert 
    into
        question
        (content, create_date, modify_date, subject) 
    values
        (?, ?, ?, ?)
Hibernate: 
    insert 
    into
        question
        (content, create_date, modify_date, subject) 
    values
        (?, ?, ?, ?)
Hibernate: 
    insert 
    into
        question
        (content, create_date, modify_date, subject) 
    values
        (?, ?, ?, ?)
Hibernate: 
    insert 
    into
        question
        (content, create_date, modify_date, subject) 
    values
        (?, ?, ?, ?)
Hibernate: 
    insert 
    into
        question
        (content, create_date, modify_date, subject) 
    values
        (?, ?, ?, ?)
Hibernate: 
    insert 
    into
        question
        (content, create_date, modify_date, subject) 
    values
        (?, ?, ?, ?)
Hibernate: 
    insert 
    into
        question
        (content, create_date, modify_date, subject) 
    values
        (?, ?, ?, ?)
Hibernate: 
    insert 
    into
        question
        (content, create_date, modify_date, subject) 
    values
        (?, ?, ?, ?)
Hibernate: 
    insert 
    into
        question
        (content, create_date, modify_date, subject) 
    values
        (?, ?, ?, ?)
Hibernate: 
    insert 
    into
        question
        (content, create_date, modify_date, subject) 
    values
        (?, ?, ?, ?)
Hibernate: 
    insert 
    into
        question
        (content, create_date, modify_date, subject) 
    values
        (?, ?, ?, ?)
Hibernate: 
    insert 
    into
        question
        (content, create_date, modify_date, subject) 
    values
        (?, ?, ?, ?)
Hibernate: 
    insert 
    into
        question
        (content, create_date, modify_date, subject) 
    values
        (?, ?, ?, ?)
Hibernate: 
    insert 
    into
        question
        (content, create_date, modify_date, subject) 
    values
        (?, ?, ?, ?)
Hibernate: 
    insert 
    into
        question
        (content, create_date, modify_date, subject) 
    values
        (?, ?, ?, ?)
Hibernate: 
    insert 
    into
        question
        (content, create_date, modify_date, subject) 
    values
        (?, ?, ?, ?)
Hibernate: 
    insert 
    into
        question
        (content, create_date, modify_date, subject) 
    values
        (?, ?, ?, ?)
Hibernate: 
    insert 
    into
        question
        (content, create_date, modify_date, subject) 
    values
        (?, ?, ?, ?)
Hibernate: 
    insert 
    into
        question
        (content, create_date, modify_date, subject) 
    values
        (?, ?, ?, ?)
Hibernate: 
    insert 
    into
        question
        (content, create_date, modify_date, subject) 
    values
        (?, ?, ?, ?)
Hibernate: 
    insert 
    into
        question
        (content, create_date, modify_date, subject) 
    values
        (?, ?, ?, ?)
Hibernate: 
    insert 
    into
        question
        (content, create_date, modify_date, subject) 
    values
        (?, ?, ?, ?)
Hibernate: 
    insert 
    into
        question
        (content, create_date, modify_date, subject) 
    values
        (?, ?, ?, ?)
Hibernate: 
    insert 
    into
        question
        (content, create_date, modify_date, subject) 
    values
        (?, ?, ?, ?)
Hibernate: 
    insert 
    into
        question
        (content, create_date, modify_date, subject) 
    values
        (?, ?, ?, ?)
Hibernate: 
    insert 
    into
        question
        (content, create_date, modify_date, subject) 
    values
        (?, ?, ?, ?)
Hibernate: 
    insert 
    into
        question
        (content, create_date, modify_date, subject) 
    values
        (?, ?, ?, ?)
Hibernate: 
    insert 
    into
        question
        (content, create_date, modify_date, subject) 
    values
        (?, ?, ?, ?)
Hibernate: 
    insert 
    into
        question
        (content, create_date, modify_date, subject) 
    values
        (?, ?, ?, ?)
Hibernate: 
    insert 
    into
        question
        (content, create_date, modify_date, subject) 
    values
        (?, ?, ?, ?)
Hibernate: 
    insert 
    into
        question
        (content, create_date, modify_date, subject) 
    values
        (?, ?, ?, ?)
Hibernate: 
    insert 
    into
        question
        (content, create_date, modify_date, subject) 
    values
        (?, ?, ?, ?)
Hibernate: 
    insert 
    into
        question
        (content, create_date, modify_date, subject) 
    values
        (?, ?, ?, ?)
Hibernate: 
    insert 
    into
        question
        (content, create_date, modify_date, subject) 
    values
        (?, ?, ?, ?)
Hibernate: 
    insert 
    into
        question
        (content, create_date, modify_date, subject) 
    values
        (?, ?, ?, ?)
Hibernate: 
    insert 
    into
        question
        (content, create_date, modify_date, subject) 
    values
        (?, ?, ?, ?)
Hibernate: 
    insert 
    into
        question
        (content, create_date, modify_date, subject) 
    values
        (?, ?, ?, ?)
Hibernate: 
    insert 
    into
        question
        (content, create_date, modify_date, subject) 
    values
        (?, ?, ?, ?)
Hibernate: 
    insert 
    into
        question
        (content, create_date, modify_date, subject) 
    values
        (?, ?, ?, ?)
Hibernate: 
    insert 
    into
        question
        (content, create_date, modify_date, subject) 
    values
        (?, ?, ?, ?)
Hibernate: 
    insert 
    into
        question
        (content, create_date, modify_date, subject) 
    values
        (?, ?, ?, ?)
Hibernate: 
    insert 
    into
        question
        (content, create_date, modify_date, subject) 
    values
        (?, ?, ?, ?)
Hibernate: 
    insert 
    into
        question
        (content, create_date, modify_date, subject) 
    values
        (?, ?, ?, ?)
Hibernate: 
    insert 
    into
        question
        (content, create_date, modify_date, subject) 
    values
        (?, ?, ?, ?)
Hibernate: 
    insert 
    into
        question
        (content, create_date, modify_date, subject) 
    values
        (?, ?, ?, ?)
Hibernate: 
    insert 
    into
        question
        (content, create_date, modify_date, subject) 
    values
        (?, ?, ?, ?)
Hibernate: 
    insert 
    into
        question
        (content, create_date, modify_date, subject) 
    values
        (?, ?, ?, ?)
Hibernate: 
    insert 
    into
        question
        (content, create_date, modify_date, subject) 
    values
        (?, ?, ?, ?)
Hibernate: 
    insert 
    into
        question
        (content, create_date, modify_date, subject) 
    values
        (?, ?, ?, ?)
Hibernate: 
    insert 
    into
        question
        (content, create_date, modify_date, subject) 
    values
        (?, ?, ?, ?)
Hibernate: 
    insert 
    into
        question
        (content, create_date, modify_date, subject) 
    values
        (?, ?, ?, ?)
Hibernate: 
    insert 
    into
        question
        (content, create_date, modify_date, subject) 
    values
        (?, ?, ?, ?)
Hibernate: 
    insert 
    into
        question
        (content, create_date, modify_date, subject) 
    values
        (?, ?, ?, ?)
Hibernate: 
    insert 
    into
        question
        (content, create_date, modify_date, subject) 
    values
        (?, ?, ?, ?)
Hibernate: 
    insert 
    into
        question
        (content, create_date, modify_date, subject) 
    values
        (?, ?, ?, ?)
Hibernate: 
    insert 
    into
        question
        (content, create_date, modify_date, subject) 
    values
        (?, ?, ?, ?)
Hibernate: 
    insert 
    into
        question
        (content, create_date, modify_date, subject) 
    values
        (?, ?, ?, ?)
Hibernate: 
    insert 
    into
        question
        (content, create_date, modify_date, subject) 
    values
        (?, ?, ?, ?)
Hibernate: 
    insert 
    into
        question
        (content, create_date, modify_date, subject) 
    values
        (?, ?, ?, ?)
Hibernate: 
    insert 
    into
        question
        (content, create_date, modify_date, subject) 
    values
        (?, ?, ?, ?)
Hibernate: 
    insert 
    into
        question
        (content, create_date, modify_date, subject) 
    values
        (?, ?, ?, ?)
Hibernate: 
    insert 
    into
        question
        (content, create_date, modify_date, subject) 
    values
        (?, ?, ?, ?)
Hibernate: 
    insert 
    into
        question
        (content, create_date, modify_date, subject) 
    values
        (?, ?, ?, ?)
Hibernate: 
    insert 
    into
        question
        (content, create_date, modify_date, subject) 
    values
        (?, ?, ?, ?)
Hibernate: 
    insert 
    into
        question
        (content, create_date, modify_date, subject) 
    values
        (?, ?, ?, ?)
Hibernate: 
    insert 
    into
        question
        (content, create_date, modify_date, subject) 
    values
        (?, ?, ?, ?)
Hibernate: 
    insert 
    into
        question
        (content, create_date, modify_date, subject) 
    values
        (?, ?, ?, ?)
Hibernate: 
    insert 
    into
        question
        (content, create_date, modify_date, subject) 
    values
        (?, ?, ?, ?)
Hibernate: 
    insert 
    into
        question
        (content, create_date, modify_date, subject) 
    values
        (?, ?, ?, ?)
Hibernate: 
    insert 
    into
        question
        (content, create_date, modify_date, subject) 
    values
        (?, ?, ?, ?)
Hibernate: 
    insert 
    into
        question
        (content, create_date, modify_date, subject) 
    values
        (?, ?, ?, ?)
Hibernate: 
    insert 
    into
        question
        (content, create_date, modify_date, subject) 
    values
        (?, ?, ?, ?)
Hibernate: 
    insert 
    into
        question
        (content, create_date, modify_date, subject) 
    values
        (?, ?, ?, ?)
Hibernate: 
    insert 
    into
        question
        (content, create_date, modify_date, subject) 
    values
        (?, ?, ?, ?)
Hibernate: 
    insert 
    into
        question
        (content, create_date, modify_date, subject) 
    values
        (?, ?, ?, ?)
Hibernate: 
    insert 
    into
        question
        (content, create_date, modify_date, subject) 
    values
        (?, ?, ?, ?)
Hibernate: 
    insert 
    into
        question
        (content, create_date, modify_date, subject) 
    values
        (?, ?, ?, ?)
Hibernate: 
    insert 
    into
        question
        (content, create_date, modify_date, subject) 
    values
        (?, ?, ?, ?)
Hibernate: 
    insert 
    into
        question
        (content, create_date, modify_date, subject) 
    values
        (?, ?, ?, ?)
Hibernate: 
    insert 
    into
        question
        (content, create_date, modify_date, subject) 
    values
        (?, ?, ?, ?)
Hibernate: 
    insert 
    into
        question
        (content, create_date, modify_date, subject) 
    values
        (?, ?, ?, ?)
Hibernate: 
    insert 
    into
        question
        (content, create_date, modify_date, subject) 
    values
        (?, ?, ?, ?)
Hibernate: 
    insert 
    into
        question
        (content, create_date, modify_date, subject) 
    values
        (?, ?, ?, ?)
Hibernate: 
    insert 
    into
        question
        (content, create_date, modify_date, subject) 
    values
        (?, ?, ?, ?)
Hibernate: 
    insert 
    into
        question
        (content, create_date, modify_date, subject) 
    values
        (?, ?, ?, ?)
Hibernate: 
    insert 
    into
        question
        (content, create_date, modify_date, subject) 
    values
        (?, ?, ?, ?)
Hibernate: 
    insert 
    into
        question
        (content, create_date, modify_date, subject) 
    values
        (?, ?, ?, ?)
Hibernate: 
    insert 
    into
        question
        (content, create_date, modify_date, subject) 
    values
        (?, ?, ?, ?)
Hibernate: 
    insert 
    into
        question
        (content, create_date, modify_date, subject) 
    values
        (?, ?, ?, ?)
Hibernate: 
    insert 
    into
        question
        (content, create_date, modify_date, subject) 
    values
        (?, ?, ?, ?)
Hibernate: 
    insert 
    into
        question
        (content, create_date, modify_date, subject) 
    values
        (?, ?, ?, ?)
Hibernate: 
    insert 
    into
        question
        (content, create_date, modify_date, subject) 
    values
        (?, ?, ?, ?)
Hibernate: 
    insert 
    into
        question
        (content, create_date, modify_date, subject) 
    values
        (?, ?, ?, ?)
Hibernate: 
    insert 
    into
        question
        (content, create_date, modify_date, subject) 
    values
        (?, ?, ?, ?)
Hibernate: 
    insert 
    into
        question
        (content, create_date, modify_date, subject) 
    values
        (?, ?, ?, ?)
Hibernate: 
    insert 
    into
        question
        (content, create_date, modify_date, subject) 
    values
        (?, ?, ?, ?)
Hibernate: 
    insert 
    into
        question
        (content, create_date, modify_date, subject) 
    values
        (?, ?, ?, ?)
Hibernate: 
    insert 
    into
        question
        (content, create_date, modify_date, subject) 
    values
        (?, ?, ?, ?)
Hibernate: 
    insert 
    into
        question
        (content, create_date, modify_date, subject) 
    values
        (?, ?, ?, ?)
Hibernate: 
    insert 
    into
        question
        (content, create_date, modify_date, subject) 
    values
        (?, ?, ?, ?)
Hibernate: 
    insert 
    into
        question
        (content, create_date, modify_date, subject) 
    values
        (?, ?, ?, ?)
Hibernate: 
    insert 
    into
        question
        (content, create_date, modify_date, subject) 
    values
        (?, ?, ?, ?)
Hibernate: 
    insert 
    into
        question
        (content, create_date, modify_date, subject) 
    values
        (?, ?, ?, ?)
Hibernate: 
    insert 
    into
        question
        (content, create_date, modify_date, subject) 
    values
        (?, ?, ?, ?)
Hibernate: 
    insert 
    into
        question
        (content, create_date, modify_date, subject) 
    values
        (?, ?, ?, ?)
Hibernate: 
    insert 
    into
        question
        (content, create_date, modify_date, subject) 
    values
        (?, ?, ?, ?)
Hibernate: 
    insert 
    into
        question
        (content, create_date, modify_date, subject) 
    values
        (?, ?, ?, ?)
Hibernate: 
    insert 
    into
        question
        (content, create_date, modify_date, subject) 
    values
        (?, ?, ?, ?)
Hibernate: 
    insert 
    into
        question
        (content, create_date, modify_date, subject) 
    values
        (?, ?, ?, ?)
Hibernate: 
    insert 
    into
        question
        (content, create_date, modify_date, subject) 
    values
        (?, ?, ?, ?)
Hibernate: 
    insert 
    into
        question
        (content, create_date, modify_date, subject) 
    values
        (?, ?, ?, ?)
Hibernate: 
    insert 
    into
        question
        (content, create_date, modify_date, subject) 
    values
        (?, ?, ?, ?)
Hibernate: 
    insert 
    into
        question
        (content, create_date, modify_date, subject) 
    values
        (?, ?, ?, ?)
Hibernate: 
    insert 
    into
        question
        (content, create_date, modify_date, subject) 
    values
        (?, ?, ?, ?)
Hibernate: 
    insert 
    into
        question
        (content, create_date, modify_date, subject) 
    values
        (?, ?, ?, ?)
Hibernate: 
    insert 
    into
        question
        (content, create_date, modify_date, subject) 
    values
        (?, ?, ?, ?)
Hibernate: 
    insert 
    into
        question
        (content, create_date, modify_date, subject) 
    values
        (?, ?, ?, ?)
Hibernate: 
    insert 
    into
        question
        (content, create_date, modify_date, subject) 
    values
        (?, ?, ?, ?)
Hibernate: 
    insert 
    into
        question
        (content, create_date, modify_date, subject) 
    values
        (?, ?, ?, ?)
Hibernate: 
    insert 
    into
        question
        (content, create_date, modify_date, subject) 
    values
        (?, ?, ?, ?)
Hibernate: 
    insert 
    into
        question
        (content, create_date, modify_date, subject) 
    values
        (?, ?, ?, ?)
Hibernate: 
    insert 
    into
        question
        (content, create_date, modify_date, subject) 
    values
        (?, ?, ?, ?)
Hibernate: 
    insert 
    into
        question
        (content, create_date, modify_date, subject) 
    values
        (?, ?, ?, ?)
Hibernate: 
    insert 
    into
        question
        (content, create_date, modify_date, subject) 
    values
        (?, ?, ?, ?)
Hibernate: 
    insert 
    into
        question
        (content, create_date, modify_date, subject) 
    values
        (?, ?, ?, ?)
Hibernate: 
    insert 
    into
        question
        (content, create_date, modify_date, subject) 
    values
        (?, ?, ?, ?)
Hibernate: 
    insert 
    into
        question
        (content, create_date, modify_date, subject) 
    values
        (?, ?, ?, ?)
Hibernate: 
    insert 
    into
        question
        (content, create_date, modify_date, subject) 
    values
        (?, ?, ?, ?)
Hibernate: 
    insert 
    into
        question
        (content, create_date, modify_date, subject) 
    values
        (?, ?, ?, ?)
Hibernate: 
    insert 
    into
        question
        (content, create_date, modify_date, subject) 
    values
        (?, ?, ?, ?)
Hibernate: 
    insert 
    into
        question
        (content, create_date, modify_date, subject) 
    values
        (?, ?, ?, ?)
Hibernate: 
    insert 
    into
        question
        (content, create_date, modify_date, subject) 
    values
        (?, ?, ?, ?)
Hibernate: 
    insert 
    into
        question
        (content, create_date, modify_date, subject) 
    values
        (?, ?, ?, ?)
Hibernate: 
    insert 
    into
        question
        (content, create_date, modify_date, subject) 
    values
        (?, ?, ?, ?)
Hibernate: 
    insert 
    into
        question
        (content, create_date, modify_date, subject) 
    values
        (?, ?, ?, ?)
Hibernate: 
    insert 
    into
        question
        (content, create_date, modify_date, subject) 
    values
        (?, ?, ?, ?)
Hibernate: 
    insert 
    into
        question
        (content, create_date, modify_date, subject) 
    values
        (?, ?, ?, ?)
Hibernate: 
    insert 
    into
        question
        (content, create_date, modify_date, subject) 
    values
        (?, ?, ?, ?)
Hibernate: 
    insert 
    into
        question
        (content, create_date, modify_date, subject) 
    values
        (?, ?, ?, ?)
Hibernate: 
    insert 
    into
        question
        (content, create_date, modify_date, subject) 
    values
        (?, ?, ?, ?)
Hibernate: 
    insert 
    into
        question
        (content, create_date, modify_date, subject) 
    values
        (?, ?, ?, ?)
Hibernate: 
    insert 
    into
        question
        (content, create_date, modify_date, subject) 
    values
        (?, ?, ?, ?)
Hibernate: 
    insert 
    into
        question
        (content, create_date, modify_date, subject) 
    values
        (?, ?, ?, ?)
Hibernate: 
    insert 
    into
        question
        (content, create_date, modify_date, subject) 
    values
        (?, ?, ?, ?)
Hibernate: 
    insert 
    into
        question
        (content, create_date, modify_date, subject) 
    values
        (?, ?, ?, ?)
Hibernate: 
    insert 
    into
        question
        (content, create_date, modify_date, subject) 
    values
        (?, ?, ?, ?)
Hibernate: 
    insert 
    into
        question
        (content, create_date, modify_date, subject) 
    values
        (?, ?, ?, ?)
Hibernate: 
    insert 
    into
        question
        (content, create_date, modify_date, subject) 
    values
        (?, ?, ?, ?)
Hibernate: 
    insert 
    into
        question
        (content, create_date, modify_date, subject) 
    values
        (?, ?, ?, ?)
Hibernate: 
    insert 
    into
        question
        (content, create_date, modify_date, subject) 
    values
        (?, ?, ?, ?)
Hibernate: 
    insert 
    into
        question
        (content, create_date, modify_date, subject) 
    values
        (?, ?, ?, ?)
Hibernate: 
    insert 
    into
        question
        (content, create_date, modify_date, subject) 
    values
        (?, ?, ?, ?)
Hibernate: 
    insert 
    into
        question
        (content, create_date, modify_date, subject) 
    values
        (?, ?, ?, ?)
Hibernate: 
    insert 
    into
        question
        (content, create_date, modify_date, subject) 
    values
        (?, ?, ?, ?)
Hibernate: 
    insert 
    into
        question
        (content, create_date, modify_date, subject) 
    values
        (?, ?, ?, ?)
Hibernate: 
    insert 
    into
        question
        (content, create_date, modify_date, subject) 
    values
        (?, ?, ?, ?)
Hibernate: 
    insert 
    into
        question
        (content, create_date, modify_date, subject) 
    values
        (?, ?, ?, ?)
Hibernate: 
    insert 
    into
        question
        (content, create_date, modify_date, subject) 
    values
        (?, ?, ?, ?)
Hibernate: 
    insert 
    into
        question
        (content, create_date, modify_date, subject) 
    values
        (?, ?, ?, ?)
Hibernate: 
    insert 
    into
        question
        (content, create_date, modify_date, subject) 
    values
        (?, ?, ?, ?)
Hibernate: 
    insert 
    into
        question
        (content, create_date, modify_date, subject) 
    values
        (?, ?, ?, ?)
Hibernate: 
    insert 
    into
        question
        (content, create_date, modify_date, subject) 
    values
        (?, ?, ?, ?)
Hibernate: 
    insert 
    into
        question
        (content, create_date, modify_date, subject) 
    values
        (?, ?, ?, ?)
Hibernate: 
    insert 
    into
        question
        (content, create_date, modify_date, subject) 
    values
        (?, ?, ?, ?)
Hibernate: 
    insert 
    into
        question
        (content, create_date, modify_date, subject) 
    values
        (?, ?, ?, ?)
Hibernate: 
    insert 
    into
        question
        (content, create_date, modify_date, subject) 
    values
        (?, ?, ?, ?)
Hibernate: 
    insert 
    into
        question
        (content, create_date, modify_date, subject) 
    values
        (?, ?, ?, ?)
]]></system-out>
  <system-err><![CDATA[]]></system-err>
</testsuite>
